Build started 2016/10/8 17:04:16.
     1>Project "C:\my_program\vs\openglLearn\learnopengl\learn07\learn07.vcxproj" on node 4 (Rebuild target(s)).
     1>ClCompile:
         C:\Program Files (x86)\Microsoft Visual Studio 12.0\VC\bin\CL.exe /c /ZI /nologo /W3 /WX- /sdl /Od /Oy- /D WIN32 /D _DEBUG /D _CONSOLE /D _UNICODE /D UNICODE /Gm /EHsc /RTC1 /MDd /GS /fp:precise /Zc:wchar_t /Zc:forScope /Fo"Debug\\" /Fd"Debug\vc120.pdb" /Gd /TP /analyze- /errorReport:prompt main.cpp
         main.cpp
       Link:
         C:\Program Files (x86)\Microsoft Visual Studio 12.0\VC\bin\link.exe /ERRORREPORT:PROMPT /OUT:"C:\my_program\vs\openglLearn\learnopengl\Debug\learn07.exe" /INCREMENTAL /NOLOGO glew32.lib glfw3.lib SOIL.lib glut32.lib kernel32.lib user32.lib gdi32.lib winspool.lib comdlg32.lib advapi32.lib shell32.lib ole32.lib oleaut32.lib uuid.lib odbc32.lib odbccp32.lib /MANIFEST /MANIFESTUAC:"level='asInvoker' uiAccess='false'" /manifest:embed /DEBUG /PDB:"C:\my_program\vs\openglLearn\learnopengl\Debug\learn07.pdb" /SUBSYSTEM:CONSOLE /TLBID:1 /DYNAMICBASE /NXCOMPAT /IMPLIB:"C:\my_program\vs\openglLearn\learnopengl\Debug\learn07.lib" /MACHINE:X86 Debug\main.obj
     1>LINK : warning LNK4098: defaultlib 'MSVCRT' conflicts with use of other libs; use /NODEFAULTLIB:library
     1>main.obj : error LNK2019: unresolved external symbol __imp__glBindTexture@8 referenced in function _main
     1>SOIL.lib(SOIL.obj) : error LNK2001: unresolved external symbol __imp__glBindTexture@8
     1>main.obj : error LNK2019: unresolved external symbol __imp__glClear@4 referenced in function _main
     1>main.obj : error LNK2019: unresolved external symbol __imp__glClearColor@16 referenced in function _main
     1>main.obj : error LNK2019: unresolved external symbol __imp__glDrawArrays@12 referenced in function _main
     1>main.obj : error LNK2019: unresolved external symbol __imp__glEnable@4 referenced in function _main
     1>main.obj : error LNK2019: unresolved external symbol __imp__glGenTextures@8 referenced in function _main
     1>SOIL.lib(SOIL.obj) : error LNK2001: unresolved external symbol __imp__glGenTextures@8
     1>main.obj : error LNK2019: unresolved external symbol __imp__glTexImage2D@36 referenced in function _main
     1>SOIL.lib(SOIL.obj) : error LNK2001: unresolved external symbol __imp__glTexImage2D@36
     1>main.obj : error LNK2019: unresolved external symbol __imp__glTexParameteri@12 referenced in function _main
     1>SOIL.lib(SOIL.obj) : error LNK2001: unresolved external symbol __imp__glTexParameteri@12
     1>SOIL.lib(SOIL.obj) : error LNK2019: unresolved external symbol __imp__glGetIntegerv@8 referenced in function _SOIL_internal_create_OGL_texture
     1>SOIL.lib(SOIL.obj) : error LNK2019: unresolved external symbol __imp__glReadPixels@28 referenced in function _SOIL_save_screenshot
     1>SOIL.lib(SOIL.obj) : error LNK2019: unresolved external symbol __imp__glDeleteTextures@8 referenced in function _SOIL_direct_load_DDS_from_memory
     1>SOIL.lib(SOIL.obj) : error LNK2019: unresolved external symbol __imp__glGetString@4 referenced in function _query_NPOT_capability
     1>SOIL.lib(SOIL.obj) : error LNK2019: unresolved external symbol __imp__wglGetProcAddress@4 referenced in function _query_DXT_capability
     1>C:\my_program\vs\openglLearn\learnopengl\Debug\learn07.exe : fatal error LNK1120: 13 unresolved externals
     1>Done Building Project "C:\my_program\vs\openglLearn\learnopengl\learn07\learn07.vcxproj" (Rebuild target(s)) -- FAILED.

Build FAILED.

Time Elapsed 00:00:02.12
